<?xml version="1.0" encoding="UTF-8"?>
<suites name="Junit Suite">
	<import resource="config/junit-core.xml"/>
	<import resource="config/junit-sys.xml"/>
</suites>