<?xml version="1.0" encoding="UTF-8"?>
<suite name="核心框架测试集">
</suite>